0.0	3.441
0.871	6.029
1.87	4.635
2.87	4.536
3.87	3.036
4.871	4.578
5.87	3.48
6.87	3.429
7.87	3.183
8.87	2.798
9.87	2.377
10.87	2.929
11.871	2.356
12.87	4.258
13.87	4.072
14.871	4.048
15.87	3.558
16.87	2.872
17.87	2.215
18.871	1.709
19.871	1.413
20.87	1.417
21.87	2.177
22.87	1.668
23.87	1.482
24.87	0.512
25.87	1.846
26.87	0.894
27.87	0.597
28.87	1.295
29.871	1.269
30.87	1.445
31.87	1.556
32.87	1.716
33.871	1.674
34.871	1.223
35.87	0.94
36.87	1.431
37.87	1.467
38.871	1.56
39.87	1.728
40.871	1.799
41.871	1.917
42.87	2.092
43.87	2.527
44.87	2.304
45.87	2.773
46.871	2.854
47.871	2.643
48.87	2.624
49.87	1.686
50.87	1.007
51.871	1.431
52.87	1.083
53.87	1.607
54.87	1.846
55.87	2.636
56.87	2.526
57.87	2.828
58.871	2.851
59.871	2.727
60.871	3.083
61.87	4.226
62.87	4.71
63.87	5.735
64.87	5.133
65.871	4.729
66.87	4.396
67.871	3.448
68.871	3.755
69.871	2.876
70.871	3.187
71.87	4.119
72.871	4.114
73.87	3.951
74.871	4.854
75.87	3.661
76.87	5.252
77.87	5.27
78.87	5.022
79.87	5.172
80.871	4.877
81.871	3.674
82.871	3.344
83.87	4.929
84.87	5.569
85.871	3.515
86.87	4.838
87.87	3.783
88.87	4.454
89.87	6.548
90.87	5.135
91.871	4.156
92.871	6.799
93.87	6.76
94.87	3.058
95.87	4.46
96.871	4.002
97.87	6.426
98.87	6.292
99.87	6.67
100.87	5.115
101.871	4.86
102.871	5.67
103.87	6.5
104.87	6.785
105.871	5.245
106.87	4.636
107.87	5.086
108.87	6.433
109.871	6.432
110.871	5.042
111.871	4.625
112.87	5.65
113.871	6.516
114.87	6.34
115.87	5.064
116.87	4.9
117.87	0.848
118.87	5.032
119.87	6.628
120.87	4.032
121.871	2.446
122.871	2.32
123.87	6.615
124.871	6.845
125.87	4.5
126.87	4.196
127.87	5.03
128.87	6.407
129.872	7.447
130.871	5.195
131.87	4.824
132.87	4.584
133.87	6.294
134.87	6.454
135.87	5.316
136.87	4.474
137.871	5.143
138.87	6.32
139.87	5.139
140.871	4.324
141.871	4.216
142.871	4.904
143.871	6.302
144.87	6.204
145.871	5.792
146.87	4.713
147.871	4.522
148.87	5.986
149.87	6.25
150.87	5.315
151.871	4.372
152.87	5.504
153.87	6.52
154.87	6.657
155.871	5.096
156.871	4.5
157.87	4.691
158.871	6.178
159.87	5.767
160.87	4.597
161.871	3.652
162.87	5.656
163.87	4.404
164.871	3.24
165.871	2.659
166.871	3.007
167.87	2.14
168.87	1.942
169.871	1.878
170.87	1.489
171.87	0.995
172.87	2.191
173.87	1.309
174.871	1.182
175.871	1.279
176.87	1.449
177.87	1.228
178.87	1.183
179.87	2.275
180.87	2.297
181.87	1.973
182.87	1.297
183.87	1.357
184.87	1.987
185.871	2.34
186.871	1.904
187.871	2.326
188.87	2.882
189.87	3.189
190.87	3.19
191.871	4.036
192.87	3.97
193.87	3.609
194.87	3.32
195.87	2.985
196.87	2.631
197.87	2.052
198.87	2.444
199.87	1.855
200.87	1.438
201.87	2.111
202.87	2.04
203.87	1.39
204.87	0.853
205.871	1.162
206.871	1.543
207.87	2.147
208.871	2.163
209.87	1.616
210.871	1.37
211.871	0.672
212.87	0.0
213.87	0.0
214.87	0.0
215.871	3.724
216.87	6.112
217.87	6.784
218.87	6.422
219.87	6.681
220.871	6.755
221.87	5.684
222.87	4.936
223.87	4.676
224.87	6.572
225.87	6.772
226.87	5.076
227.87	4.664
228.87	5.99
229.87	6.684
230.87	6.756
231.87	4.412
232.87	4.33
233.87	6.498
234.87	6.686
235.87	6.914
236.87	4.666
237.87	4.995
238.871	7.389
239.87	6.633
240.871	6.829
241.87	5.384
242.87	4.502
243.87	1.938
244.87	4.204
245.87	6.642
246.87	5.762
247.87	4.338
248.87	5.87
249.87	6.46
250.87	6.68
251.87	5.66
252.87	4.832
253.87	5.019
254.871	6.216
255.87	6.535
256.871	5.196
257.871	5.005
258.87	4.826
259.87	6.551
260.871	6.787
261.87	6.278
262.871	5.277
263.87	4.186
264.87	4.658
265.87	6.204
266.87	6.76
267.87	6.805
268.871	6.394
269.87	5.712
270.87	5.312
271.87	4.616
272.87	6.162
273.871	6.154
274.871	5.419
275.87	4.796
276.87	5.05
277.87	3.784
278.87	6.436
279.87	6.35
280.87	5.81
281.871	5.543
282.87	5.596
283.87	4.49
284.87	6.048
285.87	5.722
286.87	6.048
287.871	6.02
288.87	4.5
289.87	5.522
290.87	6.574
291.87	6.661
292.871	4.172
293.87	4.196
294.87	6.636
295.87	6.426
296.871	6.882
297.871	4.691
298.87	4.044
299.87	5.984
300.87	7.013
301.871	6.765
302.87	3.954
303.871	4.356
304.87	6.685
305.871	6.472
306.871	6.792
307.871	4.212
308.871	3.86
309.871	6.829
310.87	6.402
311.87	7.044
312.87	4.68
313.87	3.952
314.87	6.624
315.87	6.654
316.87	7.014
317.87	4.368
318.87	1.758
319.871	2.252
320.871	5.918
321.87	7.124
322.87	4.738
323.87	4.994
324.87	7.5
325.87	6.716
326.87	4.572
327.87	3.88
328.87	3.648
329.871	3.142
330.871	2.583
331.87	2.094
332.871	1.06
333.871	2.779
334.87	2.818
335.871	3.648
336.871	3.841
337.87	3.115
338.87	2.979
339.87	2.416
340.871	3.423
341.87	3.083
342.87	2.293
343.871	2.877
344.87	3.336
345.87	3.669
346.87	3.963
347.87	4.242
348.871	4.798
349.871	4.349
350.87	4.383
351.87	4.378
352.87	4.05
353.87	3.36
354.87	3.38
355.87	2.724
356.87	2.984
357.87	2.983
358.87	2.755
359.87	2.833
360.87	3.028
361.87	3.164
362.87	2.716
363.87	2.287
364.87	2.449
365.871	2.379
366.87	2.597
367.87	2.506
368.871	2.422
369.873	2.711
370.87	2.887
371.87	3.248
372.87	3.753
373.871	4.428
374.87	4.172
375.871	3.357
376.871	3.567
377.871	3.376
378.87	2.309
379.87	2.17
380.87	2.232
381.87	2.293
382.871	2.163
383.87	2.302
384.87	2.475
385.871	2.589
386.87	2.948
387.871	2.893
388.871	2.881
389.87	2.627
390.87	2.663
391.871	2.744
392.871	2.856
393.87	2.583
394.87	2.76
395.87	2.918
396.87	3.094
397.87	3.266
398.87	2.81
399.87	2.646
400.87	2.525
401.87	2.735
402.87	2.767
403.871	2.634
404.87	2.833
405.871	2.847
406.871	2.814
407.87	2.712
408.871	3.002
409.871	2.745
410.87	3.581
411.871	2.606
412.871	2.153
413.871	3.283
414.871	2.683
415.87	2.439
416.871	2.405
417.87	2.125
418.87	1.781
419.871	0.964
420.87	0.925
421.87	1.016
422.87	1.7
423.871	0.917
424.871	2.023
425.87	1.514
426.87	0.632
427.871	1.825
428.87	2.011
429.87	1.526
430.87	1.688
431.871	2.504
432.87	2.698
433.871	2.166
434.87	1.806
435.871	1.969
436.871	1.841
437.87	2.101
438.871	1.792
439.871	1.291
440.87	1.264
441.87	1.934
442.87	2.491
443.87	2.583
444.87	2.685
445.871	2.874
446.871	2.305
447.87	1.76
448.87	2.699
449.871	2.331
450.87	1.946
451.87	2.402
452.87	2.528
453.87	2.474
454.87	2.819
455.87	2.839
456.87	2.911
457.87	2.927
458.87	2.787
459.87	2.709
460.871	2.603
461.871	2.632
462.87	2.59
463.87	2.707
464.871	2.832
465.87	2.884
466.87	3.105
467.87	3.041
468.87	2.864
469.87	2.632
470.87	2.47
471.871	2.668
472.87	2.71
473.87	2.51
474.871	2.198
475.87	2.246
476.871	2.294
477.87	2.419
478.87	2.034
479.871	1.859
480.87	1.624
481.87	2.116
482.871	2.046
483.871	2.267
484.871	2.312
485.87	2.546
486.87	2.445
487.87	2.432
488.87	2.538
489.87	2.662
490.871	2.312
491.871	2.353
492.871	2.791
493.871	2.523
494.87	2.791
495.871	2.339
496.87	2.455
497.87	3.274
498.87	2.676
499.87	2.874
500.87	3.164
501.871	2.765
502.87	2.849
503.87	3.126
504.87	2.753
505.87	2.345
506.87	2.521
507.871	3.015
508.87	3.126
509.87	2.664
510.87	2.404
511.87	2.226
512.87	2.504
513.87	2.427
514.87	0.42
515.871	2.39
516.87	2.513
517.871	3.052
518.871	2.038
519.871	2.152
520.87	3.116
521.87	5.226
522.87	4.521
523.871	3.309
524.871	2.819
525.87	2.748
526.87	2.628
527.87	2.644
528.87	2.42
529.87	1.852
530.871	2.655
531.87	2.541
532.871	2.524
533.87	3.558
534.871	2.104
535.87	2.469
536.872	2.888
537.87	4.058
538.87	3.146
539.872	2.656
540.872	2.794
541.87	2.875
542.871	2.345
543.871	1.818
544.871	1.178
545.87	0.883
546.87	0.029
547.87	0.0
548.87	0.0
549.87	0.0
550.87	1.19
551.87	1.881
552.87	1.439
553.87	1.901
554.87	1.501
555.87	1.506
556.87	1.364
557.87	1.249
558.87	1.266
559.87	1.034
560.87	1.839
561.87	2.209
562.87	2.659
563.87	1.123
564.87	2.91
565.87	2.07
566.87	1.682
567.87	2.142
568.87	2.945
569.87	3.604
570.87	3.613
571.871	2.741
572.87	2.896
573.87	4.012
574.87	2.974
575.87	3.619
576.871	3.242
577.871	3.679
578.87	3.785
579.87	3.777
