0.0	4.396
0.725	4.127
1.725	4.154
2.725	3.846
3.726	3.259
4.725	3.179
5.725	2.158
6.725	2.194
7.725	2.759
8.725	1.279
9.726	2.562
10.726	3.567
11.725	5.123
12.725	4.296
13.725	3.547
14.725	4.078
15.725	4.162
16.725	4.667
17.725	4.524
18.725	5.039
19.725	5.367
20.725	3.972
21.726	4.469
22.726	3.733
23.725	3.372
24.726	2.692
25.726	2.577
26.725	4.488
27.726	2.946
28.728	3.499
29.726	3.019
30.725	2.901
31.725	4.119
32.725	3.766
33.725	4.414
34.725	3.868
35.725	3.456
36.725	2.958
37.725	2.387
38.726	2.336
39.725	2.078
40.725	2.784
41.725	3.337
42.725	2.693
43.726	3.301
44.726	2.167
45.725	1.72
46.725	1.647
47.726	3.584
48.725	4.418
49.726	5.57
50.725	4.925
51.725	4.266
52.725	6.384
53.725	6.049
54.725	3.949
55.726	4.482
56.726	3.123
57.725	6.283
58.726	3.272
59.726	3.472
60.726	2.735
61.725	2.724
62.725	3.554
63.725	3.684
64.727	5.89
65.726	5.121
66.725	4.268
67.726	6.835
68.725	5.757
69.725	5.77
70.726	4.711
71.725	3.516
72.726	6.024
73.725	4.585
74.725	3.42
75.726	2.399
76.725	2.982
77.725	1.844
78.725	2.586
79.725	2.594
80.726	2.984
81.725	4.312
82.725	3.545
83.726	3.294
84.725	2.17
85.725	2.232
86.725	1.322
87.726	4.655
88.725	4.979
89.725	5.742
90.726	4.338
91.725	3.048
92.725	6.588
93.725	5.901
94.725	5.668
95.725	5.996
96.726	2.294
97.725	6.18
98.725	5.104
99.725	4.034
100.725	5.057
101.725	2.64
102.725	5.95
103.725	5.151
104.725	5.814
105.725	4.044
106.725	3.162
107.725	5.692
108.725	6.452
109.725	6.012
110.725	4.638
111.725	3.522
112.725	4.551
113.726	6.418
114.725	4.384
115.725	4.307
116.726	2.8
117.726	5.152
118.726	6.217
119.725	2.993
120.725	1.998
121.726	0.906
122.725	0.863
123.725	1.824
124.726	2.626
125.725	1.942
126.725	1.113
127.725	2.363
128.726	2.622
129.725	2.655
130.725	3.161
131.725	3.17
132.725	1.997
133.725	2.567
134.725	1.034
135.725	1.614
136.726	0.422
137.726	3.248
138.725	2.679
139.725	3.737
140.725	5.056
141.726	3.497
142.725	5.764
143.725	6.247
144.725	4.305
145.726	3.559
146.725	3.42
147.725	5.56
148.726	4.526
149.725	4.647
150.726	5.113
151.725	3.369
152.725	4.476
153.725	4.022
154.725	3.277
155.726	2.538
156.726	3.029
157.732	4.07
158.725	3.987
159.725	2.699
160.725	1.541
161.725	2.537
162.725	3.567
163.726	3.663
164.726	3.497
165.726	4.185
166.725	2.887
167.725	5.572
168.725	5.5
169.725	3.781
170.725	3.931
171.725	3.002
172.725	3.816
173.725	3.927
174.725	4.144
175.725	3.261
176.725	3.012
177.725	3.069
178.725	2.443
179.725	2.274
180.725	3.322
181.725	2.707
182.725	5.107
183.725	3.636
184.725	3.979
185.725	2.661
186.726	3.857
187.725	4.36
188.725	3.806
189.725	4.233
190.725	2.689
191.725	3.333
192.725	2.245
193.725	1.63
194.726	2.077
195.725	2.133
196.725	2.578
197.725	3.733
198.725	3.212
199.725	3.109
200.726	3.796
201.725	3.405
202.726	3.534
203.725	3.003
204.726	2.882
205.725	2.432
206.726	2.297
207.725	2.57
208.726	2.759
209.725	2.134
210.726	2.971
211.725	2.256
212.726	3.041
213.725	3.176
214.725	3.052
215.725	4.608
216.726	4.681
217.726	4.378
218.725	4.194
219.725	4.024
220.725	4.131
221.726	3.976
222.725	3.039
223.725	3.138
224.725	2.838
225.725	2.062
226.726	2.19
227.726	1.4
228.725	1.799
229.725	1.842
230.725	1.618
231.725	1.2
232.725	1.763
233.725	1.363
234.725	1.165
235.726	1.968
236.726	1.65
237.725	1.596
238.725	1.231
239.726	1.18
240.726	1.24
241.726	1.099
242.725	0.865
243.725	2.274
244.726	2.215
245.725	1.365
246.725	2.235
247.725	2.735
248.726	3.167
249.725	3.707
250.726	3.794
251.725	2.223
252.725	3.19
253.725	3.024
254.726	2.978
255.725	2.473
256.725	3.046
257.725	3.254
258.725	4.576
259.725	3.846
260.725	4.076
261.725	4.215
262.725	4.504
263.726	4.852
264.725	3.852
265.725	4.353
266.726	3.75
267.725	3.917
268.726	3.726
269.725	4.393
270.726	3.694
271.726	3.608
272.725	3.503
273.725	3.055
274.726	3.285
275.725	3.832
276.725	4.236
277.725	4.677
278.725	5.247
279.726	4.803
280.725	4.148
281.725	5.006
282.725	4.535
283.725	4.336
284.725	4.907
285.726	3.24
286.726	4.344
287.725	5.017
288.726	3.763
289.726	3.981
290.727	4.147
291.725	3.985
292.725	3.766
293.725	4.184
294.726	4.296
295.725	3.984
296.725	3.504
297.725	3.068
298.725	3.167
299.725	2.277
300.726	2.953
301.725	2.578
302.726	2.246
303.725	1.357
304.725	3.07
305.725	3.134
306.725	3.478
307.725	3.577
308.725	2.166
309.725	1.728
310.725	2.73
311.725	1.802
312.73	2.292
313.725	2.274
314.726	2.72
315.725	2.772
316.725	2.945
317.726	2.658
318.726	2.612
319.725	3.041
320.725	2.571
321.725	2.563
322.725	2.953
323.725	2.13
324.725	2.768
325.725	2.107
326.725	2.278
327.725	3.372
328.725	2.868
329.726	2.813
330.725	2.469
331.725	1.94
332.725	1.576
333.726	1.598
334.725	2.193
335.725	1.812
336.725	1.51
337.725	1.76
338.725	2.043
339.725	1.568
340.725	2.031
341.726	2.89
342.725	3.266
343.726	3.009
344.725	4.101
345.725	4.275
346.725	4.175
347.726	3.835
348.725	3.355
349.725	3.714
350.726	3.984
351.726	3.532
352.726	3.405
353.725	3.798
354.725	2.892
355.725	0.718
356.725	1.967
357.725	2.687
358.726	3.413
359.725	2.922
360.726	3.081
361.726	2.932
362.725	3.86
363.725	3.823
364.726	3.426
365.725	3.64
366.725	3.129
367.725	3.077
368.727	3.583
369.725	2.555
370.733	3.138
371.725	3.187
372.726	3.03
373.725	2.297
374.726	2.938
375.725	3.148
376.725	3.114
377.725	3.636
378.725	3.661
379.725	1.948
380.725	0.742
381.726	2.167
382.725	1.698
383.725	2.209
384.725	2.316
385.725	1.669
386.726	0.525
387.725	0.846
388.725	1.297
389.726	0.865
390.726	1.266
391.725	1.811
392.725	1.529
393.725	1.334
394.725	1.342
395.726	1.139
396.726	1.122
397.725	1.097
398.725	2.764
399.726	3.096
400.725	3.486
401.725	3.593
402.735	4.192
403.727	3.483
404.726	3.557
405.726	3.353
406.725	1.897
407.725	2.742
408.726	2.477
409.725	2.764
410.726	3.742
411.725	4.143
412.725	3.947
413.725	4.196
414.725	4.459
415.725	4.25
416.725	3.958
417.726	3.223
418.725	3.295
419.726	3.617
420.725	3.689
421.725	4.17
422.725	2.202
423.725	2.776
424.725	3.198
425.726	2.837
426.725	3.424
427.726	2.469
428.725	3.063
429.725	2.403
430.725	2.577
431.726	2.391
432.725	2.267
433.725	2.637
434.725	2.59
435.725	2.755
436.725	3.146
437.725	3.07
438.725	3.177
439.725	3.615
440.726	3.739
441.725	3.176
442.725	2.619
443.725	2.335
444.726	1.972
445.726	1.297
446.725	2.313
447.725	2.605
448.725	2.236
449.725	2.658
450.725	2.451
451.725	1.701
452.725	1.959
453.725	1.574
454.725	2.658
455.725	2.398
456.725	3.219
457.725	2.635
458.726	2.172
459.725	1.958
460.725	1.722
461.726	3.69
462.725	4.514
463.725	4.671
464.725	3.729
465.726	3.893
466.725	4.538
467.725	4.606
468.725	3.772
469.725	4.151
470.725	3.615
471.725	3.945
472.725	4.048
473.725	3.578
474.726	1.459
475.725	2.062
476.725	1.521
477.726	1.309
478.725	1.408
479.725	1.045
480.725	1.175
481.725	1.013
482.726	1.139
483.725	1.335
484.725	3.164
485.725	2.985
486.725	3.964
487.726	3.483
488.725	2.854
489.725	3.182
490.726	3.124
491.726	4.312
492.725	3.907
493.725	3.632
494.725	4.406
495.725	4.256
496.725	5.175
497.725	4.796
498.725	5.324
499.725	4.569
500.725	4.316
501.726	4.843
502.725	4.888
503.725	5.28
504.726	3.438
505.725	4.984
506.726	5.465
507.725	5.101
508.725	5.039
509.725	5.21
510.727	5.723
511.725	4.999
512.725	4.028
513.725	4.288
514.725	3.98
515.726	3.278
516.725	3.181
517.725	2.84
518.725	2.661
519.726	1.549
520.726	1.974
521.725	2.045
522.725	2.66
523.725	3.221
524.726	3.215
525.725	2.792
526.725	2.261
527.725	3.01
528.725	2.771
529.725	3.074
530.725	5.809
531.725	5.681
532.726	5.474
533.725	5.657
534.725	4.969
535.725	5.535
536.725	5.656
537.725	5.483
538.725	4.855
539.725	5.982
540.725	4.564
541.725	3.078
542.725	2.395
543.725	1.175
544.725	2.106
545.725	1.881
546.726	2.883
547.726	3.95
548.725	4.648
549.725	4.96
550.725	3.978
551.726	3.474
552.726	2.997
553.725	3.191
554.726	3.45
555.726	2.949
556.725	3.36
557.725	2.948
558.725	3.556
559.725	4.365
560.725	3.891
561.726	4.199
562.726	4.0
563.725	3.651
564.725	3.94
565.725	3.698
566.726	3.393
567.725	3.367
568.725	3.309
569.725	4.27
570.726	3.79
571.725	3.537
572.726	3.953
573.726	2.957
574.725	2.576
575.725	2.338
576.725	2.116
577.725	2.602
578.725	2.472
579.725	2.282
580.725	1.707
581.725	1.274
582.726	1.25
583.726	1.054
584.725	3.025
585.725	4.97
586.725	5.391
587.725	5.715
588.725	3.669
589.725	5.638
590.725	5.117
591.725	4.653
592.725	5.4
593.725	4.795
594.725	5.226
595.725	5.031
596.725	5.645
597.725	5.735
598.725	5.561
599.725	5.247
600.725	5.931
601.726	5.28
602.725	5.508
603.725	5.553
604.725	5.681
605.725	5.312
