0.0	1.367
0.71	3.249
1.709	3.131
2.709	4.366
3.71	7.527
4.709	6.899
5.709	4.774
6.709	7.04
7.709	5.026
8.709	2.931
9.71	7.449
10.709	7.366
11.709	5.938
12.709	4.77
13.71	3.37
14.71	7.471
15.709	5.16
16.709	5.463
17.709	4.466
18.71	3.568
19.709	4.813
20.709	4.654
21.709	4.286
22.709	3.478
23.709	3.718
24.709	5.655
25.709	7.184
26.71	6.126
27.709	4.742
28.71	3.78
29.71	6.218
30.709	6.772
31.709	6.017
32.71	3.601
33.71	1.533
34.709	4.296
35.709	3.703
36.71	2.767
37.709	3.027
38.709	5.002
39.71	4.82
40.709	5.756
41.709	5.821
42.709	4.781
43.709	2.46
44.709	6.956
45.709	7.122
46.709	7.038
47.709	7.012
48.71	6.0
49.709	6.97
50.709	6.699
51.709	5.165
52.709	5.486
53.71	5.972
54.709	6.72
55.709	6.809
56.709	7.644
57.709	7.166
58.709	7.556
59.71	8.162
60.709	9.002
61.709	7.467
62.709	6.994
63.709	2.75
64.709	3.18
65.709	6.624
66.709	7.26
67.709	6.752
68.709	3.3
69.709	5.558
70.709	5.936
71.709	6.991
72.71	7.183
73.709	3.848
74.71	5.42
75.71	7.347
76.709	7.84
77.71	7.079
78.709	3.748
79.709	3.74
80.709	7.084
81.709	7.287
82.71	7.694
83.709	3.312
84.709	4.885
85.71	6.939
86.709	7.468
87.709	7.532
88.709	3.95
89.709	4.805
90.71	7.059
91.709	7.496
92.709	7.052
93.709	3.72
94.709	4.212
95.709	6.556
96.709	7.104
97.709	6.766
98.709	4.512
99.709	1.668
100.709	1.37
101.709	6.438
102.709	7.288
103.709	2.23
104.71	3.884
105.709	6.874
106.709	6.869
107.71	6.936
108.71	4.218
109.71	3.95
110.709	6.684
111.709	6.67
112.709	6.882
113.709	3.576
114.709	4.284
115.71	6.715
116.709	6.904
117.709	7.081
118.71	4.526
119.71	3.283
120.709	6.653
121.71	6.972
122.71	6.805
123.709	4.808
124.709	3.242
125.709	6.474
126.709	6.461
127.71	6.831
128.709	5.31
129.709	3.224
130.709	7.14
131.709	6.306
132.709	4.366
133.71	3.465
134.71	3.972
135.71	4.748
136.71	4.83
137.71	4.922
138.709	4.04
139.709	4.452
140.709	7.118
141.709	7.348
142.709	7.056
143.709	5.292
144.709	3.112
145.709	6.548
146.709	6.776
147.709	6.91
148.709	4.736
149.709	4.024
150.71	6.004
151.71	6.919
152.709	7.152
153.709	5.401
154.71	3.303
155.709	5.97
156.709	6.808
157.709	6.984
158.709	5.72
159.709	3.432
160.71	5.634
161.709	6.989
162.71	6.659
163.709	6.092
164.71	3.16
165.71	5.137
166.709	6.677
167.71	6.871
168.709	4.487
169.71	3.526
170.709	6.581
171.71	6.635
172.709	6.52
173.709	5.476
174.709	4.427
175.71	4.711
176.709	6.78
177.709	6.952
178.709	5.798
179.709	3.375
180.71	5.722
181.709	6.442
182.71	5.125
183.709	4.26
184.709	3.072
185.709	7.107
186.71	4.605
187.71	0.889
188.709	6.308
189.71	2.886
190.71	5.953
191.71	2.142
192.709	5.322
193.709	3.717
194.709	3.522
195.71	3.934
196.709	3.772
197.709	3.938
198.709	3.391
199.709	3.65
200.709	6.894
201.709	6.56
202.709	6.812
203.709	6.572
204.709	4.0
205.709	4.38
206.71	6.812
207.71	7.098
208.71	7.099
209.709	3.888
210.71	4.236
211.709	4.371
212.709	3.921
213.709	2.967
214.709	2.631
215.709	3.843
216.709	3.858
217.709	2.688
218.709	1.297
219.71	3.368
220.71	4.704
221.709	6.296
222.709	4.996
223.709	5.523
224.709	2.0
225.709	2.068
226.71	7.001
227.709	7.432
228.709	7.344
229.709	2.924
230.709	6.372
231.709	6.904
232.709	7.382
233.709	7.054
234.709	3.028
235.71	4.793
236.709	5.141
237.709	4.261
238.709	4.02
239.71	2.7
240.71	6.211
241.709	4.806
242.709	4.73
243.709	4.723
244.709	3.482
245.709	5.32
246.709	7.375
247.709	6.13
248.709	5.845
249.709	3.468
250.709	3.932
251.709	6.79
252.709	8.024
253.709	4.907
254.71	4.442
255.709	4.096
256.709	6.572
257.709	4.768
258.709	4.57
259.71	3.292
260.709	5.091
261.71	4.952
262.71	4.52
263.709	5.137
264.71	3.766
265.709	4.796
266.709	7.293
267.71	4.894
268.71	5.848
269.709	4.331
270.709	2.28
271.71	2.828
272.71	5.094
273.71	6.631
274.709	3.332
275.709	5.484
276.71	4.134
277.709	6.886
278.709	6.392
279.709	3.094
280.709	4.452
281.709	7.114
282.709	6.251
283.709	4.143
284.709	3.659
285.709	2.331
286.71	4.384
287.709	5.543
288.709	2.999
289.709	1.682
290.709	5.842
291.71	5.84
292.71	4.129
293.709	3.986
294.71	3.633
295.709	3.752
296.709	4.82
297.709	4.648
298.709	3.871
299.709	3.573
300.709	4.536
301.709	6.956
302.709	6.164
303.709	4.681
304.709	4.519
305.709	3.332
306.709	6.587
307.71	6.87
308.71	5.736
309.709	4.311
310.71	3.11
311.71	5.211
312.709	7.443
313.71	5.704
314.709	2.397
315.71	2.564
316.709	7.552
317.709	5.911
318.709	3.633
319.709	4.139
320.71	3.443
321.709	3.157
322.709	5.642
323.709	5.533
324.709	3.487
325.709	3.655
326.709	4.816
327.71	4.616
328.709	4.346
329.709	2.563
330.71	4.641
331.709	3.93
332.71	3.743
333.709	2.142
334.709	2.728
335.709	3.805
336.709	2.92
337.709	3.927
338.709	3.689
339.709	3.498
340.71	3.86
341.709	3.157
342.709	2.749
343.709	1.197
344.709	4.398
345.709	4.161
346.71	4.194
347.709	3.928
348.71	4.053
349.709	4.849
350.709	3.408
351.709	5.968
352.709	7.454
353.709	7.654
354.71	5.351
355.71	3.491
356.709	5.04
357.709	6.388
358.709	6.98
359.709	7.045
360.71	3.395
361.709	4.728
362.709	6.946
363.709	7.186
364.709	6.756
365.709	2.448
366.709	5.776
367.709	7.16
368.709	7.212
369.709	6.762
370.709	2.264
371.71	1.371
372.709	4.496
373.709	6.444
374.709	7.36
375.709	4.092
376.709	6.038
377.709	6.378
378.709	3.784
379.709	3.009
380.71	3.972
381.709	5.003
382.71	7.155
383.709	4.656
384.709	4.19
385.709	2.934
386.709	5.734
387.71	4.865
388.709	4.353
389.71	4.337
390.709	3.272
391.709	5.195
392.709	4.389
393.709	3.688
394.709	2.157
395.709	3.062
396.709	6.986
397.709	5.775
398.709	3.441
399.709	5.013
400.709	4.203
401.71	5.129
