0.0	0.0
0.081	2.367
1.08	5.917
2.08	5.558
3.08	5.587
4.08	5.356
5.081	6.143
6.08	6.157
7.081	3.132
8.081	7.622
9.08	7.41
10.08	7.18
11.08	6.118
12.08	2.168
13.08	7.188
14.08	7.304
15.08	6.512
16.08	3.903
17.08	2.792
18.08	7.502
19.081	4.955
20.08	5.33
21.081	5.074
22.08	4.465
23.08	2.683
24.081	7.116
25.08	5.715
26.081	6.692
27.08	2.495
28.083	7.785
29.08	5.404
30.08	5.674
31.08	6.589
32.08	3.42
33.08	5.958
34.08	7.506
35.08	7.16
36.08	7.12
37.08	3.224
38.08	5.866
39.08	7.454
40.08	7.262
41.08	7.002
42.08	0.576
43.08	2.976
44.08	5.668
45.08	7.494
46.08	8.098
47.08	3.752
48.082	5.8
49.08	7.166
50.08	10.632
51.08	7.881
52.08	6.937
53.081	5.817
54.081	5.724
55.08	5.963
56.08	6.466
57.08	5.776
58.08	6.424
59.08	4.89
60.08	5.572
61.081	5.37
62.08	5.668
63.08	5.875
64.081	5.645
65.08	5.082
66.08	6.039
67.08	5.721
68.081	6.984
69.08	6.613
70.08	5.802
71.08	6.326
72.081	4.04
73.08	1.456
74.08	4.708
75.08	7.216
76.08	7.29
77.08	5.304
78.08	3.794
79.08	7.808
80.08	10.814
81.08	6.431
82.081	7.004
83.08	6.403
84.08	5.868
85.081	6.679
86.08	7.704
87.081	5.536
88.08	4.168
89.08	4.256
90.081	7.441
91.08	7.518
92.08	5.758
93.081	4.104
94.08	5.62
95.08	7.676
96.08	7.516
97.08	3.716
98.081	2.643
99.08	2.644
100.08	7.192
101.08	6.933
102.08	4.069
103.08	4.066
104.082	7.281
105.08	7.876
106.081	8.142
107.08	7.848
108.08	3.464
109.08	4.226
110.08	6.273
111.081	2.367
112.081	3.244
113.081	3.136
114.081	2.26
115.08	1.045
116.08	2.574
117.081	2.066
118.08	1.563
119.08	2.946
120.081	3.821
121.08	5.003
122.08	4.456
123.08	2.023
124.08	4.6
125.08	7.472
126.08	6.939
127.081	4.737
128.08	3.175
129.081	4.86
130.08	5.516
131.08	5.463
132.08	3.994
133.08	2.744
134.08	6.965
135.081	6.741
136.08	6.956
137.08	7.028
138.08	3.464
139.08	4.814
140.08	7.548
141.08	7.417
142.081	4.219
143.08	2.309
144.08	3.717
145.081	4.492
146.08	5.027
147.08	5.18
148.08	4.083
149.08	3.189
150.081	3.767
151.08	3.326
152.081	5.358
153.081	3.527
154.081	5.135
155.08	5.051
156.081	3.689
157.08	4.476
158.08	1.853
159.081	6.795
160.08	4.3
161.08	4.13
162.08	4.224
163.08	2.59
164.08	4.117
165.08	3.585
166.08	3.144
167.081	3.141
168.08	2.605
169.08	4.181
170.08	1.628
171.08	1.236
172.081	0.0
173.081	0.009
174.081	3.296
175.08	1.166
176.08	0.93
177.082	1.919
178.08	1.332
179.08	1.518
180.08	1.375
181.081	1.157
182.08	0.963
183.081	1.193
184.081	1.558
185.083	1.439
186.08	1.499
187.08	1.659
188.08	2.0
189.08	2.462
190.08	2.542
191.08	1.571
192.081	2.475
193.08	1.743
194.08	1.375
195.081	2.66
196.08	1.734
197.08	1.651
198.08	1.569
199.081	1.92
200.08	1.771
201.08	2.266
202.08	2.223
203.08	2.367
204.081	1.893
205.08	1.63
206.081	1.659
207.08	2.222
208.081	2.06
209.08	2.462
210.081	2.98
211.08	2.941
212.081	2.301
213.08	1.845
214.08	1.176
215.08	2.879
216.08	1.162
217.081	0.0
218.08	3.151
219.081	2.184
220.08	1.853
221.08	1.853
222.08	2.047
223.08	2.022
224.08	1.595
225.08	1.229
226.08	1.079
227.08	1.728
228.08	2.196
229.08	2.256
230.08	2.349
231.081	2.003
232.08	2.129
233.08	2.551
234.08	0.151
235.08	2.244
236.081	0.162
237.08	0.0
238.08	3.952
239.08	1.863
240.08	2.421
241.081	2.062
242.08	2.013
243.08	1.88
244.08	2.84
245.08	2.609
246.08	2.359
247.08	1.301
248.08	2.762
249.081	1.722
250.08	2.038
251.08	1.731
252.08	1.869
253.08	2.356
254.08	2.713
255.08	2.244
256.081	2.739
257.08	1.857
258.081	2.299
259.08	1.328
260.08	2.48
261.08	1.376
262.08	1.032
263.08	2.608
264.08	2.206
265.08	0.0
266.08	3.555
267.081	0.59
268.08	3.961
269.08	2.701
270.08	3.045
271.08	2.627
272.08	3.117
273.081	3.042
274.08	2.684
275.08	2.246
276.08	1.961
277.08	2.863
278.08	2.256
279.08	2.002
280.08	1.186
281.08	2.4
282.08	2.042
283.08	2.593
284.08	1.734
285.08	2.239
286.08	1.714
287.08	2.278
288.08	2.135
289.08	2.236
290.08	1.859
291.08	1.414
292.08	0.0
293.081	0.0
294.08	4.148
295.08	1.785
296.081	1.808
297.08	2.201
298.08	0.378
299.08	0.114
300.08	4.677
301.081	1.765
302.107	1.623
303.091	1.316
304.081	1.03
305.08	1.245
306.08	1.233
307.08	1.359
308.08	1.805
309.081	1.767
310.08	1.298
311.08	1.115
312.08	1.852
313.08	1.703
314.08	1.935
315.08	1.477
316.08	1.275
317.08	1.013
318.08	1.212
319.08	1.172
320.08	1.345
321.08	0.907
322.08	0.633
323.08	0.521
324.08	0.546
325.08	0.408
326.08	0.619
327.08	0.702
328.08	0.498
329.08	0.321
330.081	0.213
331.08	0.0
332.081	0.0
333.08	0.0
334.08	0.0
335.08	2.426
336.081	0.486
337.08	0.936
338.08	0.34
339.08	0.0
340.08	0.0
341.08	2.625
342.08	0.981
343.08	0.9
344.08	1.327
345.08	0.736
346.08	0.938
347.08	1.269
348.081	1.543
349.08	1.323
350.08	1.152
351.08	1.129
352.08	1.252
353.08	1.059
354.08	1.124
355.08	1.628
356.08	1.595
357.08	1.736
358.08	1.212
359.08	0.0
360.08	0.355
361.081	3.733
362.081	1.54
363.081	1.532
364.08	1.273
365.08	1.452
366.08	1.532
367.08	1.271
368.08	1.746
369.08	1.902
370.08	1.582
371.08	1.948
372.08	1.482
373.08	2.237
374.08	1.818
375.08	2.234
376.081	1.911
377.08	2.322
378.08	4.174
379.08	3.189
380.08	2.964
381.08	2.376
382.08	2.968
383.08	3.411
384.08	2.939
385.08	1.525
386.081	1.146
387.08	0.886
388.08	0.0
389.08	0.0
390.081	2.685
391.08	0.332
392.08	0.436
393.08	0.473
394.081	0.258
395.08	0.008
396.08	0.0
397.08	0.0
398.08	0.0
399.08	2.09
400.081	0.0
401.08	0.796
402.08	1.168
403.08	0.437
404.08	0.557
405.08	0.684
406.08	0.593
407.081	0.366
408.081	0.0
409.08	1.565
410.08	0.598
411.08	0.555
412.081	0.155
413.081	1.411
414.081	0.654
415.081	0.7
416.08	0.75
417.08	0.673
418.081	0.588
419.081	0.709
420.08	0.359
421.08	0.0
422.08	1.25
423.08	0.512
424.08	0.433
425.08	0.5
426.08	0.662
427.08	0.532
428.08	0.91
429.081	0.742
430.08	0.656
431.08	0.586
432.08	0.527
433.081	1.041
434.08	0.873
435.081	0.936
436.08	0.476
437.08	0.37
438.081	0.257
439.08	0.721
440.08	1.127
441.08	0.796
442.08	0.971
443.08	1.349
444.081	1.855
445.08	2.121
446.08	2.051
447.081	1.634
448.081	1.736
449.081	1.714
450.081	1.481
451.08	1.767
452.08	1.27
453.08	1.755
454.08	1.351
455.08	1.801
456.08	1.938
457.08	2.172
458.081	2.517
459.08	1.961
460.081	2.114
461.081	2.001
462.081	1.849
463.08	1.79
464.08	0.359
465.081	1.359
466.08	2.592
467.081	0.391
468.08	3.955
469.08	2.226
470.08	1.949
471.081	2.876
472.08	2.31
473.08	2.91
474.081	3.012
475.08	2.772
476.08	3.668
477.08	4.232
478.08	2.974
479.08	3.36
480.081	3.605
481.08	1.915
482.08	5.139
483.08	4.265
484.081	3.241
485.081	3.107
486.081	3.261
487.081	5.037
488.08	4.074
489.08	4.34
490.08	2.296
491.08	1.496
492.08	4.172
493.08	2.63
494.081	2.562
495.08	1.909
496.08	2.246
497.08	2.41
498.08	2.459
499.08	2.223
500.08	2.194
501.08	2.071
502.08	1.923
503.08	1.786
504.081	2.37
505.08	2.145
506.08	2.305
507.08	1.803
508.08	1.951
509.08	1.877
510.08	1.821
511.08	1.664
512.08	1.652
513.08	1.615
514.08	2.529
515.08	2.537
516.08	3.087
517.08	1.83
518.08	1.518
519.08	1.374
520.08	1.353
521.08	1.266
522.08	1.056
523.081	1.232
524.08	0.848
525.08	0.763
526.08	0.767
527.081	0.857
528.08	1.33
529.08	1.232
530.08	0.882
531.08	1.733
532.081	1.942
533.08	1.998
534.08	3.28
535.08	0.275
536.08	4.408
537.081	1.68
538.08	1.443
539.08	1.594
540.08	1.564
541.081	1.383
542.081	1.47
543.08	1.241
544.081	0.35
545.08	3.711
546.081	2.139
547.08	2.414
548.08	2.504
549.08	2.296
550.08	2.497
551.081	2.537
552.08	1.952
553.08	1.926
554.08	3.297
555.08	2.223
556.081	1.954
557.08	1.922
558.08	1.998
559.08	1.688
560.08	1.411
561.08	1.253
562.08	1.564
563.08	1.314
564.08	1.083
565.08	1.386
566.08	1.345
567.081	1.098
568.08	1.159
569.08	0.977
570.08	0.981
571.08	1.06
572.08	0.962
573.08	1.06
574.081	1.104
575.08	1.048
576.081	1.002
577.081	1.109
578.081	1.065
579.08	0.92
580.08	1.066
581.08	1.069
582.08	0.894
583.08	0.475
