0.0	0.767
0.692	2.385
1.693	2.008
2.693	2.724
3.692	2.306
4.692	2.344
5.692	2.037
6.693	0.993
7.692	3.369
8.692	2.073
9.692	1.999
10.692	0.821
11.692	1.715
12.692	1.094
13.692	0.914
14.692	1.311
15.693	1.134
16.692	1.489
17.692	1.585
18.693	1.798
19.692	1.46
20.693	1.344
21.692	2.879
22.692	2.225
23.692	2.284
24.692	0.766
25.692	0.798
26.692	2.207
27.692	3.704
28.692	3.131
29.692	3.283
30.692	2.03
31.693	2.417
32.693	3.118
33.692	3.25
34.692	3.431
35.692	3.979
36.692	2.815
37.693	2.048
38.692	1.617
39.692	1.987
40.692	1.324
41.692	1.756
42.693	1.829
43.692	3.384
44.692	4.419
45.692	4.101
46.692	4.373
47.692	2.529
48.692	2.172
49.692	1.725
50.692	2.186
51.692	3.721
52.692	3.146
53.692	4.569
54.693	2.653
55.692	2.505
56.692	3.303
57.692	3.58
58.693	3.917
59.693	4.909
60.692	5.48
61.692	4.135
62.693	4.717
63.692	3.346
64.692	2.744
65.692	4.389
66.692	5.218
67.692	4.196
68.693	4.714
69.692	2.476
70.692	1.374
71.692	5.772
72.692	5.179
73.693	4.07
74.692	1.626
75.693	4.595
76.692	5.027
77.692	3.857
78.692	3.989
79.692	4.815
80.692	3.77
81.692	5.636
82.692	6.084
83.692	5.355
84.692	5.333
85.693	4.836
86.693	6.186
87.692	3.444
88.693	6.262
89.692	6.365
90.692	3.262
91.692	4.736
92.692	3.095
93.692	5.142
94.692	6.906
95.692	3.772
96.692	2.145
97.692	5.51
98.692	3.386
99.692	4.586
100.692	4.362
101.692	5.525
102.693	3.585
103.692	4.373
104.692	2.906
105.692	6.146
106.692	4.348
107.692	4.266
108.693	3.913
109.692	3.94
110.692	3.035
111.692	2.606
112.693	3.939
113.692	3.771
114.693	3.774
115.693	4.533
116.693	4.559
117.692	0.882
118.692	2.924
119.692	5.658
120.692	6.421
121.692	4.64
122.692	5.312
123.692	2.364
124.692	1.016
125.692	3.351
126.693	4.574
127.693	3.263
128.692	3.192
129.692	2.856
130.692	5.4
131.692	6.937
132.693	5.076
133.693	4.908
134.693	2.354
135.692	3.48
136.692	7.15
137.692	6.022
138.692	5.392
139.692	5.187
140.693	4.666
141.693	6.041
142.692	4.719
143.693	3.102
144.693	3.249
145.692	5.926
146.692	3.397
147.694	6.511
148.692	6.818
149.692	4.768
150.692	5.08
151.692	4.079
152.692	5.356
153.692	4.233
154.692	3.843
155.693	3.889
156.693	6.236
157.693	2.354
158.692	1.311
159.693	1.888
160.693	5.702
161.692	6.366
162.693	4.961
163.692	5.092
164.692	4.156
165.692	6.632
166.692	6.892
167.692	3.776
168.693	2.058
169.692	2.338
170.692	3.996
171.692	6.33
172.692	2.025
173.692	2.098
174.693	2.693
175.692	3.788
176.692	5.036
177.692	4.602
178.692	3.827
179.692	3.906
180.692	3.516
181.693	4.213
182.692	2.569
183.693	2.88
184.692	2.676
185.692	2.381
186.692	2.483
187.692	3.566
188.692	3.706
189.692	5.805
190.692	5.432
191.692	4.272
192.693	5.934
193.692	6.589
194.693	2.973
195.692	2.593
196.692	1.856
197.692	5.132
198.692	5.574
199.693	5.721
200.693	4.624
201.693	5.892
202.693	5.121
203.692	4.638
204.692	4.16
205.692	6.88
206.692	4.346
207.693	4.635
208.692	5.243
209.692	5.231
210.693	3.384
211.693	1.513
212.692	5.069
213.693	6.751
214.692	5.57
215.693	5.924
216.692	4.79
217.692	7.291
218.693	5.694
219.693	6.354
220.692	5.222
221.692	5.112
222.692	5.408
223.692	6.672
224.692	5.5
225.692	6.348
226.693	3.563
227.692	6.716
228.692	6.388
229.692	4.659
230.693	4.571
231.693	3.416
232.692	5.829
233.692	4.613
234.693	4.49
235.692	4.375
236.693	3.642
237.692	3.01
238.693	2.848
239.692	2.198
240.692	4.877
241.692	5.121
242.692	5.65
243.692	4.996
244.692	5.312
245.693	4.04
246.693	6.573
247.692	6.06
248.693	4.116
249.693	5.08
250.693	6.464
251.692	4.29
252.693	5.914
253.693	6.632
254.693	5.363
255.692	6.328
256.693	5.242
257.693	4.486
258.692	5.948
259.692	6.684
260.692	5.912
261.692	6.2
262.692	5.046
263.692	4.298
264.692	6.28
265.692	6.582
266.692	5.41
267.692	5.974
268.692	6.42
269.692	4.868
270.692	5.372
271.692	6.834
272.692	5.074
273.692	6.445
274.693	4.731
275.693	4.035
276.692	4.149
277.692	4.436
278.692	3.749
279.692	3.427
280.693	5.16
281.692	4.425
282.692	3.875
283.693	4.449
284.692	4.406
285.692	4.793
286.692	4.988
287.692	5.004
288.692	6.42
289.693	4.011
290.692	4.256
291.693	2.936
292.692	2.87
293.692	2.853
294.693	6.68
295.692	3.71
296.692	3.159
297.692	3.231
298.693	2.139
299.693	4.048
300.692	2.794
301.692	4.24
302.692	3.795
303.692	1.97
304.692	5.38
305.692	3.434
306.693	2.986
307.693	3.703
308.692	4.762
309.693	3.87
310.693	4.166
311.692	3.971
312.693	3.619
313.693	4.53
314.692	3.408
315.692	7.244
316.692	5.1
317.692	3.616
318.692	3.033
319.693	2.162
320.692	2.314
321.692	5.23
322.693	2.377
323.692	2.56
324.692	3.09
325.694	2.17
326.692	2.193
327.693	4.159
328.692	4.043
329.692	2.109
330.692	1.939
331.692	3.971
332.693	4.927
333.693	4.944
334.692	3.505
335.692	4.244
336.693	4.781
337.692	5.335
338.692	5.804
339.692	5.758
340.692	5.686
341.692	3.684
342.692	5.4
343.692	5.022
344.692	3.784
345.693	3.41
346.692	4.532
347.692	4.251
348.692	4.673
349.692	4.5
350.692	4.652
351.692	3.373
352.693	1.316
353.692	0.0
354.692	4.964
355.692	3.504
356.692	4.628
357.692	4.148
358.692	3.402
359.692	4.449
360.693	4.156
361.692	6.736
362.692	6.38
363.693	6.114
364.692	5.356
365.692	4.792
366.692	6.72
367.692	5.924
368.692	6.568
369.692	5.116
370.692	5.42
371.692	7.484
372.692	6.342
373.693	5.86
374.693	5.345
375.692	4.937
376.693	5.93
377.692	6.593
378.693	3.402
379.693	2.859
380.692	3.648
381.692	0.464
382.692	5.482
383.693	7.164
384.693	5.321
385.692	5.856
386.692	4.12
387.692	7.076
388.692	6.384
389.692	6.348
390.693	6.298
391.692	5.01
392.692	5.562
393.692	7.474
394.692	6.104
395.692	6.15
396.693	5.91
397.693	3.159
398.692	7.217
399.693	6.703
400.692	5.222
401.692	6.14
402.692	4.056
403.693	6.45
404.692	7.192
405.692	5.88
406.692	5.664
407.692	4.196
408.692	6.3
409.692	6.684
410.692	6.236
411.693	5.69
412.692	4.976
413.692	6.072
414.692	6.454
415.692	6.218
416.692	5.431
417.694	4.787
418.692	5.702
419.693	6.992
420.693	6.37
421.692	5.424
422.692	5.144
423.692	5.418
424.692	6.778
425.692	6.362
426.692	5.696
427.693	5.109
428.692	4.988
429.692	6.628
430.692	5.98
431.692	6.074
432.693	5.295
433.692	4.65
434.692	7.026
435.692	6.032
436.692	5.434
437.692	5.48
438.692	4.628
439.692	6.92
440.692	4.984
441.692	2.48
442.692	5.688
443.692	3.726
444.692	6.64
445.692	6.694
446.692	5.848
447.692	6.172
448.692	4.05
449.692	6.524
450.692	6.513
451.693	5.858
452.692	5.9
453.692	3.722
454.693	6.364
455.692	6.981
456.693	5.702
457.692	5.788
458.692	4.603
459.693	5.802
460.692	7.554
