0.0	0.711
0.859	1.111
1.859	3.249
2.86	3.648
3.86	6.149
4.859	3.211
5.859	1.715
6.86	4.722
7.859	2.874
8.859	4.971
9.859	3.31
10.859	3.714
11.859	4.776
12.859	2.624
13.86	2.833
14.86	3.968
15.86	3.354
16.859	5.531
17.859	4.556
18.859	4.218
19.859	4.223
20.859	3.33
21.859	1.193
22.859	1.394
23.859	2.416
24.859	1.214
25.86	2.383
26.859	2.802
27.859	1.522
28.859	3.329
29.86	3.319
30.859	3.92
31.859	4.141
32.86	4.527
33.859	2.78
34.859	3.059
35.859	3.727
36.86	3.346
37.859	2.602
38.859	3.813
39.859	5.196
40.859	1.734
41.859	2.914
42.859	6.913
43.859	4.753
44.86	3.458
45.859	3.321
46.86	5.513
47.859	3.804
48.859	4.695
49.859	3.289
50.859	2.945
51.859	2.622
52.859	5.424
53.859	3.277
54.859	3.652
55.859	1.001
56.859	0.827
57.859	0.728
58.859	0.654
59.859	0.81
60.859	0.593
61.86	0.907
62.859	1.096
63.86	1.766
64.86	4.12
65.859	3.581
66.86	3.246
67.859	1.809
68.86	1.15
69.859	1.667
70.86	0.813
71.86	4.126
72.86	3.768
73.86	5.73
74.859	3.804
75.859	4.819
76.859	4.036
77.859	2.938
78.859	5.216
79.859	3.416
80.859	5.995
81.859	4.944
82.859	5.069
83.859	4.423
84.859	4.902
85.859	2.957
86.859	4.332
87.859	2.473
88.859	2.669
89.86	3.557
90.859	2.7
91.859	0.906
92.859	1.699
93.86	1.116
94.859	0.818
95.86	0.517
96.86	2.19
97.859	0.958
98.859	0.37
99.859	2.885
100.859	4.031
101.859	3.97
102.859	4.492
103.859	4.491
104.86	3.731
105.859	3.051
106.859	2.67
107.86	2.442
108.859	2.469
109.86	2.474
110.859	4.158
111.86	3.736
112.86	6.395
113.859	6.104
114.859	6.813
115.859	8.242
116.859	5.619
117.859	2.862
118.859	7.998
119.859	7.966
120.859	4.03
121.859	7.0
122.859	6.264
123.859	4.58
124.859	2.964
125.86	3.536
126.859	5.65
127.859	8.682
128.859	5.639
129.859	4.348
130.859	3.463
131.859	5.364
132.86	3.626
133.859	6.667
134.86	8.426
135.86	7.772
136.86	5.249
137.86	3.78
138.86	5.279
139.859	7.138
140.86	7.084
141.86	5.269
142.859	5.059
143.859	4.141
144.859	0.995
145.86	1.816
146.86	4.853
147.859	6.644
148.859	4.407
149.86	5.009
150.859	3.021
151.859	2.693
152.859	4.285
153.859	3.6
154.859	2.474
155.86	1.741
156.859	2.751
157.859	1.805
158.859	1.086
159.859	1.534
160.859	1.861
161.86	1.431
162.859	1.681
163.859	0.006
164.859	0.043
165.859	0.103
166.86	0.025
167.859	0.221
168.859	2.061
169.859	0.189
170.859	0.0
171.86	0.0
172.859	0.0
173.859	0.0
174.859	0.0
175.859	0.0
176.86	0.0
177.86	0.0
178.86	0.0
179.859	0.034
180.859	0.016
181.859	0.03
182.86	0.043
183.859	0.037
184.859	0.047
185.859	0.034
186.86	0.053
187.86	0.049
188.859	0.058
189.859	0.0
190.859	0.0
191.859	0.0
198.04	0.0
198.993	0.0
199.949	0.0
200.908	0.0
201.862	0.0
202.859	0.0
203.859	0.0
204.859	0.0
205.859	0.022
206.859	0.037
207.859	0.115
208.859	0.054
209.86	0.091
210.86	0.08
211.859	0.109
212.859	0.004
213.859	0.046
214.859	0.0
215.859	0.0
216.859	0.0
217.86	0.0
218.859	0.0
219.86	0.175
224.859	2.626
225.859	5.036
226.86	5.836
227.859	7.818
228.859	6.556
229.859	3.336
230.859	6.746
231.859	1.949
232.86	1.275
233.859	2.157
234.859	3.287
235.859	3.079
236.859	2.595
237.859	3.539
238.86	4.562
239.859	5.889
240.859	4.967
241.859	3.568
242.859	3.579
243.859	1.528
244.859	0.277
245.86	2.953
246.859	2.666
247.859	1.783
248.86	1.095
249.859	0.399
250.859	2.125
251.859	1.269
252.859	0.55
253.859	0.184
254.859	0.0
255.859	3.811
256.859	3.242
257.859	2.418
258.86	2.309
259.859	2.793
260.859	2.179
261.86	2.767
262.86	2.181
263.859	1.095
264.859	0.537
265.859	0.415
266.859	0.249
267.859	0.242
268.86	0.006
269.859	0.012
270.859	0.3
271.859	3.09
272.86	4.112
273.86	4.36
274.859	5.23
275.859	6.047
276.859	5.786
277.859	3.647
278.859	4.287
279.86	4.02
280.859	2.111
281.859	3.281
282.859	1.214
283.859	3.998
284.859	3.329
285.859	1.837
286.86	1.602
287.86	3.128
288.86	2.863
289.859	3.208
290.859	3.661
291.86	4.508
292.859	3.825
293.859	4.198
294.859	2.885
295.859	3.21
296.859	2.302
297.859	1.163
298.859	0.857
299.859	1.007
300.859	3.016
301.859	1.408
302.86	0.488
303.859	1.315
304.859	1.695
305.86	0.777
306.859	1.023
307.859	0.849
308.859	1.001
309.86	1.282
310.859	1.885
311.859	1.955
312.859	0.971
313.859	0.574
314.859	0.659
315.86	0.961
316.86	1.158
317.859	0.881
318.859	0.703
319.86	0.921
320.859	1.485
321.859	1.028
322.859	1.982
323.86	1.294
324.859	1.218
325.859	1.927
326.859	1.018
327.86	1.654
328.859	2.08
329.859	1.595
330.859	1.641
331.86	2.558
332.86	2.118
333.859	1.889
334.859	1.815
335.859	2.888
336.86	2.484
337.86	2.136
338.86	2.004
339.859	1.745
340.859	1.527
341.859	1.192
342.859	2.162
343.859	1.75
344.859	1.556
345.859	2.055
346.86	1.63
347.86	2.703
348.859	2.82
349.859	2.601
350.859	3.254
351.859	3.438
352.86	2.467
353.859	2.479
354.859	3.143
355.859	3.154
356.859	3.874
357.86	2.771
358.859	3.308
359.86	2.411
360.86	1.397
361.859	2.061
362.859	1.856
363.859	1.911
364.859	2.228
365.86	0.696
366.859	1.866
367.86	2.057
368.86	2.032
369.86	2.032
370.859	1.297
371.859	3.908
372.859	2.367
373.859	2.143
374.859	1.645
375.859	3.089
376.86	1.896
377.86	2.604
378.859	2.252
379.859	1.438
380.859	5.533
381.859	4.844
382.859	0.629
383.86	2.988
384.859	4.437
385.859	4.098
386.859	3.499
387.859	2.907
388.859	4.032
389.859	2.537
390.859	0.853
391.859	7.068
392.859	1.331
393.859	1.849
394.86	3.094
395.86	1.688
396.86	0.462
397.86	3.051
398.859	2.908
399.859	2.968
400.859	3.526
401.859	1.863
402.859	2.24
403.86	4.017
404.86	3.559
405.859	3.577
406.859	4.245
407.859	2.427
408.859	3.279
409.86	2.637
410.86	5.001
411.859	4.841
412.859	4.702
413.86	5.571
414.859	6.108
415.859	3.662
416.859	5.74
417.859	3.573
418.859	3.244
419.859	3.836
420.86	3.304
421.86	4.155
422.859	3.863
423.859	3.23
424.859	3.272
425.86	3.28
426.859	2.465
427.86	3.609
428.859	1.757
429.859	0.009
430.859	0.847
431.859	2.705
432.859	0.262
433.859	0.017
434.859	3.7
435.859	2.075
436.86	1.356
437.859	1.71
438.859	1.559
439.859	2.918
440.859	2.067
441.859	1.638
442.859	1.709
443.859	1.507
444.859	2.006
445.859	1.21
446.86	2.098
447.859	2.363
448.859	2.272
449.859	2.593
450.86	2.3
451.859	3.987
452.86	4.184
453.859	3.717
454.859	1.919
455.859	2.939
456.86	5.041
457.859	2.269
458.86	2.195
459.859	2.71
460.859	2.283
461.859	2.924
462.859	2.619
463.859	1.725
464.859	3.604
465.859	2.343
466.859	1.713
467.86	1.161
468.859	2.02
469.86	2.645
470.859	2.231
471.86	1.704
472.859	1.556
473.859	3.713
474.859	2.561
475.859	3.3
476.86	2.488
477.859	2.454
478.859	3.078
479.859	2.584
480.859	2.458
481.859	2.903
482.86	1.145
483.859	0.924
484.859	0.572
485.86	0.779
486.859	2.527
487.86	2.149
488.859	5.289
489.86	1.809
490.859	2.78
491.859	3.021
492.859	4.229
493.859	5.252
494.86	5.724
495.859	2.371
496.86	3.931
497.859	4.407
498.859	4.13
499.859	2.593
500.859	0.541
501.859	1.842
502.859	2.176
503.86	2.938
504.859	3.249
505.86	3.111
506.859	3.357
507.859	3.052
508.859	2.05
509.859	1.41
510.859	1.975
511.859	2.407
512.859	1.156
513.859	2.993
514.859	2.781
515.859	2.745
516.859	4.95
517.859	4.191
518.859	1.14
519.859	4.075
520.859	1.382
521.86	1.636
522.86	1.391
523.859	0.97
524.859	0.914
525.859	1.068
526.859	1.367
527.86	1.266
528.859	1.416
529.859	3.007
530.859	2.775
531.859	4.473
532.859	1.397
533.86	1.271
534.859	1.355
535.859	1.048
536.859	0.698
537.859	0.213
538.859	0.174
539.859	0.039
