0.0	0.93
0.17	4.01
1.17	4.424
2.17	3.219
3.17	2.663
4.171	3.334
5.171	3.488
6.17	3.794
7.171	3.746
8.17	4.521
9.17	3.935
10.17	4.666
11.17	2.718
12.17	1.767
13.171	1.725
14.171	1.104
15.17	1.64
16.17	1.867
17.17	1.299
18.17	1.176
19.17	1.707
20.17	2.357
21.17	1.644
22.17	4.057
23.17	4.673
24.17	5.635
25.17	4.94
26.17	4.977
27.17	4.506
28.171	3.888
29.171	4.868
30.17	5.935
31.17	5.666
32.17	4.894
33.17	5.734
34.17	5.601
35.17	5.698
36.17	5.605
37.17	5.388
38.17	5.42
39.17	5.485
40.171	5.44
41.17	5.544
42.17	5.002
43.171	4.126
44.171	4.936
45.17	5.578
46.17	5.614
47.17	4.851
48.17	4.213
49.17	5.457
50.17	4.518
51.17	5.186
52.171	5.7
53.17	4.932
54.173	5.8
55.17	4.782
56.17	4.976
57.17	5.146
58.17	5.754
59.17	5.681
60.17	4.875
61.17	5.761
62.17	5.646
63.17	5.695
64.17	4.967
65.17	5.888
66.171	4.926
67.17	5.006
68.17	6.411
69.17	5.604
70.17	5.387
71.17	5.9
72.17	5.187
73.17	3.43
74.171	1.756
75.17	5.065
76.171	5.274
77.17	4.237
78.17	4.591
79.17	4.966
80.17	4.428
81.17	5.94
82.17	5.028
83.171	6.205
84.17	0.881
85.17	4.948
86.17	5.676
87.17	5.388
88.17	5.187
89.17	5.433
90.17	5.383
91.171	5.825
92.17	5.226
93.17	5.693
94.17	5.788
95.17	4.789
96.17	5.307
97.17	4.735
98.17	4.852
99.17	4.025
100.17	4.121
101.17	5.192
102.17	3.62
103.17	4.037
104.17	4.122
105.171	3.409
106.171	3.101
107.17	2.627
108.17	3.977
109.17	4.279
110.17	4.679
111.17	5.411
112.17	5.666
113.171	5.379
114.17	5.757
115.17	5.308
116.17	4.771
117.17	5.506
118.17	5.796
119.17	5.359
120.171	6.025
121.171	5.508
122.17	5.366
123.17	5.672
124.17	4.937
125.17	5.364
126.17	5.671
127.171	0.094
128.17	4.724
129.171	5.099
130.17	5.313
131.17	4.976
132.17	5.788
133.171	5.692
134.17	4.721
135.171	5.561
136.17	5.243
137.17	5.546
138.171	5.226
139.17	5.312
140.17	4.936
141.17	4.722
142.17	5.569
143.171	5.246
144.17	4.679
145.17	4.575
146.17	3.269
147.171	4.064
148.17	4.646
149.17	5.083
150.17	5.169
151.17	5.301
152.171	4.835
153.173	5.798
154.17	5.79
155.171	5.329
156.17	5.622
157.17	4.7
158.171	3.541
159.17	5.048
160.17	5.918
161.171	4.65
162.17	5.231
163.17	3.547
164.171	4.763
165.17	4.423
166.17	4.738
167.17	4.53
168.17	5.338
169.171	4.974
170.17	5.079
171.171	5.191
172.171	4.107
173.17	5.552
174.17	4.599
175.17	5.762
176.17	4.267
177.171	5.151
178.17	4.867
179.171	5.609
180.17	5.021
181.17	5.556
182.17	5.48
183.17	4.807
184.17	4.58
185.17	5.001
186.171	4.695
187.17	4.417
188.17	3.723
189.171	4.161
190.171	4.815
191.17	5.548
192.171	4.971
193.171	4.318
194.171	5.697
195.171	5.825
196.17	5.354
197.17	5.706
198.17	5.409
199.17	4.702
200.17	4.128
201.171	4.647
202.17	4.188
203.17	4.97
204.171	5.486
205.17	4.453
206.17	3.539
207.171	3.174
208.171	4.198
209.17	3.875
210.17	3.636
211.17	2.394
212.17	1.175
213.171	0.985
214.17	1.521
215.171	1.25
216.171	1.111
217.171	0.972
218.171	0.991
219.17	0.939
220.17	0.769
221.17	0.961
222.171	0.779
223.17	0.75
224.171	0.49
225.17	0.405
226.17	0.579
227.17	1.337
228.171	1.638
229.17	0.734
230.171	1.075
231.17	0.881
232.17	0.695
233.17	0.682
234.17	0.58
235.17	0.518
236.17	0.432
237.17	0.421
238.17	0.421
239.171	0.32
240.171	0.407
241.17	0.285
242.17	0.101
243.171	0.609
244.171	0.248
245.171	0.051
246.17	0.518
247.17	0.534
248.17	0.646
249.171	0.568
250.17	0.493
251.17	0.439
252.17	0.559
253.171	0.463
254.17	0.344
255.171	0.484
256.17	0.464
257.17	0.374
258.17	0.317
259.17	0.086
260.171	0.063
261.17	0.865
262.17	0.337
263.171	0.775
264.171	0.64
265.17	0.878
266.17	0.875
267.17	0.885
268.17	1.026
269.17	1.21
270.17	1.469
271.17	1.138
272.17	0.799
273.17	0.653
274.17	0.774
275.17	1.257
276.171	0.764
277.17	0.504
278.171	0.36
279.17	1.296
280.17	1.971
281.17	2.92
282.17	4.443
283.17	3.727
284.17	1.767
285.17	1.085
286.17	0.68
287.171	0.658
288.171	0.807
289.171	0.927
290.171	1.162
291.17	1.042
292.17	1.145
293.17	1.11
294.171	1.079
295.17	0.898
296.17	0.539
297.17	0.604
298.171	1.011
299.171	0.837
300.17	0.821
301.171	0.936
302.17	0.951
303.17	1.102
304.17	0.898
305.171	0.942
306.17	1.0
307.171	1.167
308.17	1.084
309.17	0.971
310.17	1.011
311.171	1.196
312.17	0.981
313.17	0.699
314.17	0.701
315.171	1.631
316.17	0.845
317.171	0.941
318.171	0.648
319.17	0.879
320.17	0.76
321.17	1.362
322.17	1.371
323.17	1.309
324.17	1.07
325.17	1.947
326.17	1.261
327.17	1.58
328.171	2.097
329.17	1.31
330.171	0.778
331.171	0.723
332.17	0.645
333.17	0.442
334.17	0.31
335.17	0.021
336.171	1.267
337.171	0.585
338.17	0.517
339.17	0.732
340.17	1.221
341.17	1.412
342.17	1.548
343.17	1.512
344.171	1.454
345.17	1.088
346.17	1.925
347.171	1.412
348.17	1.751
349.17	1.486
350.17	1.602
351.171	1.613
352.17	1.678
353.171	1.531
354.17	1.792
355.171	2.113
356.17	2.086
357.17	2.057
358.17	2.213
359.171	2.322
360.17	1.911
361.17	2.323
362.17	1.815
363.17	1.74
364.17	1.963
365.17	1.938
366.17	2.074
367.17	2.161
368.17	2.626
369.171	2.951
370.17	3.028
371.17	3.53
372.17	4.003
373.17	3.724
374.17	4.303
375.171	3.91
376.17	4.149
377.171	4.603
378.17	4.733
379.17	3.876
380.17	4.076
381.17	5.122
382.17	4.587
383.17	4.806
384.17	4.797
385.17	4.191
386.17	4.492
387.17	4.031
388.171	3.871
389.171	4.653
390.17	4.678
391.17	4.107
392.171	4.427
393.17	4.673
394.17	5.584
395.171	5.439
396.171	0.467
397.171	3.651
398.171	5.34
399.171	5.659
400.17	4.819
401.171	4.354
402.17	4.693
403.171	4.294
404.17	4.015
405.17	2.94
406.17	2.412
407.17	2.215
408.171	1.928
409.17	1.826
410.17	1.767
411.171	2.997
412.17	4.154
413.17	1.869
414.17	2.466
415.17	1.536
416.17	1.278
417.17	1.327
418.17	0.834
419.17	1.079
420.17	1.402
421.17	1.753
422.171	1.132
423.171	1.815
424.171	1.139
425.17	1.31
426.17	0.953
427.171	1.155
428.17	0.856
429.17	0.669
430.17	0.749
431.17	0.843
432.17	1.107
433.17	0.884
434.17	0.443
435.171	0.55
436.17	0.782
437.171	0.604
438.171	0.679
439.17	0.771
440.17	0.77
441.17	0.546
442.171	0.662
443.171	0.759
444.171	0.848
445.17	0.863
446.17	1.015
447.171	1.3
448.17	1.246
449.17	1.225
450.17	1.563
451.171	1.37
452.17	1.328
453.17	1.138
454.171	0.918
455.17	0.956
456.17	0.855
457.17	1.077
458.17	0.866
459.17	0.552
460.17	0.691
461.17	0.937
462.17	0.892
463.17	0.921
464.17	0.792
465.17	0.681
466.17	0.652
467.171	0.897
468.17	0.904
469.17	0.942
470.171	1.146
471.17	0.906
472.17	0.882
473.17	0.99
474.17	0.912
475.17	0.896
476.171	0.825
477.17	0.723
478.17	0.656
479.17	0.529
480.171	0.684
481.17	0.804
482.17	0.966
483.171	1.133
484.171	1.009
485.171	1.137
486.17	1.08
487.17	0.898
488.171	1.192
489.17	0.861
490.17	0.951
491.17	0.836
492.17	0.991
493.171	0.794
494.17	0.93
495.17	0.968
496.17	0.923
497.17	0.855
498.171	0.838
499.171	0.633
500.17	0.822
501.171	0.917
502.17	1.325
503.171	1.174
504.17	0.722
505.171	0.771
506.171	0.843
507.17	0.976
508.17	0.889
509.17	1.3
510.17	1.571
511.17	1.745
512.171	1.682
513.17	1.597
514.17	1.711
515.171	1.668
516.17	1.5
517.17	1.488
518.17	1.204
519.171	1.205
520.17	1.937
521.17	1.2
522.171	1.164
523.17	1.546
524.17	1.773
525.17	1.554
526.17	1.665
527.171	1.891
528.17	1.516
529.17	1.941
530.17	1.722
531.17	2.226
532.17	1.249
533.17	1.095
534.17	1.688
535.17	1.756
536.171	1.945
537.17	1.661
538.17	1.231
539.17	1.027
540.17	1.179
541.17	1.141
542.171	1.581
543.17	1.878
544.171	1.807
545.17	1.821
546.17	1.785
547.17	1.889
548.17	1.755
549.17	0.567
550.17	0.772
551.17	0.905
552.17	0.709
553.17	1.207
554.171	0.52
555.17	0.752
556.171	0.554
557.171	0.417
558.17	0.65
559.171	0.405
560.171	0.905
561.171	0.912
562.17	0.853
563.17	0.701
564.171	0.642
565.171	0.464
566.17	0.471
567.17	0.118
568.171	0.671
569.171	0.239
570.171	0.029
