0.0	2.456
0.799	3.167
1.8	2.997
2.8	1.395
3.799	2.541
4.8	2.392
5.8	3.127
6.799	1.942
7.799	2.243
8.799	3.068
9.8	3.638
10.799	2.722
11.799	1.867
12.799	1.293
13.799	2.057
14.799	2.052
15.799	2.201
16.799	2.934
17.8	3.983
18.799	6.253
19.799	6.16
20.8	5.251
21.799	4.281
22.799	2.693
23.799	1.698
24.799	4.309
25.799	3.297
26.799	3.063
27.799	2.761
28.8	3.429
29.799	5.108
30.799	4.812
31.8	2.993
32.799	5.812
33.799	3.081
34.799	2.622
35.799	1.943
36.799	1.826
37.799	1.505
38.8	5.347
39.8	6.34
40.8	7.105
41.799	4.755
42.8	4.442
43.799	7.004
44.799	7.343
45.8	7.145
46.799	5.302
47.799	3.68
48.799	6.769
49.8	7.395
50.799	7.344
51.799	6.05
52.799	2.452
53.799	6.744
54.799	5.101
55.799	4.465
56.8	4.225
57.799	3.329
58.8	7.109
59.799	6.837
60.799	5.009
61.799	2.631
62.8	3.736
63.799	5.398
64.799	5.464
65.8	5.23
66.799	4.66
67.799	1.368
68.799	4.108
69.799	7.686
70.799	7.918
71.799	6.302
72.799	2.844
73.799	6.53
74.799	7.434
75.8	7.081
76.799	7.069
77.8	4.384
78.8	5.936
79.799	7.748
80.8	7.309
81.799	8.468
82.799	3.644
83.799	4.204
84.799	7.384
85.799	7.536
86.8	7.458
87.8	3.251
88.799	5.392
89.799	7.47
90.799	7.17
91.799	7.424
92.799	3.084
93.799	4.268
94.8	7.301
95.799	5.801
96.799	4.429
97.799	2.79
98.799	4.38
99.799	3.961
100.799	5.556
101.8	5.223
102.799	2.927
103.8	6.304
104.8	3.7
105.799	2.761
106.799	2.108
107.799	2.728
108.799	2.014
109.8	2.5
110.799	2.451
111.799	3.119
112.8	2.299
113.799	2.201
114.799	3.294
115.799	3.383
116.8	4.221
117.8	3.12
118.8	3.815
119.8	3.974
120.799	3.753
121.799	2.925
122.799	2.823
123.799	2.496
124.8	3.747
125.8	3.477
126.799	3.512
127.799	2.807
128.799	6.362
129.8	3.573
130.799	2.501
131.799	6.899
132.799	4.245
133.799	5.466
134.799	7.438
135.799	7.664
136.799	7.172
137.799	4.609
138.8	4.038
139.799	6.472
140.799	7.416
141.799	7.488
142.799	4.876
143.799	4.168
144.799	7.196
145.799	7.654
146.799	7.694
147.8	5.373
148.799	3.932
149.8	6.512
150.799	7.478
151.799	7.634
152.799	5.138
153.799	0.546
154.799	0.336
155.8	6.909
156.799	7.304
157.799	4.958
158.799	4.913
159.8	7.099
160.799	7.674
161.8	5.053
162.799	3.336
163.8	3.236
164.8	4.468
165.8	4.146
166.799	3.966
167.799	3.464
168.799	4.548
169.799	4.848
170.799	5.151
171.8	6.326
172.799	5.144
173.8	3.654
174.8	7.418
175.8	6.95
176.799	4.141
177.799	3.547
178.8	3.846
179.799	2.991
180.8	2.296
181.8	3.628
182.799	1.909
183.8	4.076
184.8	6.276
185.799	4.796
186.8	4.157
187.799	5.263
188.8	3.097
189.799	5.851
190.799	4.579
191.799	3.856
192.799	3.905
193.8	3.307
194.799	4.839
195.799	5.99
196.8	5.029
197.799	4.152
198.799	3.108
199.799	4.082
200.81	5.362
201.799	5.286
202.8	6.093
203.799	3.108
204.799	7.144
205.799	7.018
206.799	6.87
207.799	6.89
208.799	4.016
209.799	3.772
210.799	6.966
211.799	7.716
212.8	7.9
213.799	4.022
214.799	3.618
215.799	7.49
216.799	7.606
217.8	7.003
218.799	3.137
219.8	4.777
220.799	7.085
221.8	7.482
222.799	3.06
223.8	2.582
224.799	4.459
225.8	1.946
226.8	2.686
227.799	3.179
228.799	3.638
229.8	5.09
230.799	4.383
231.799	4.669
232.799	5.482
233.8	1.477
234.799	2.884
235.799	7.052
236.799	7.309
237.8	6.977
238.799	3.271
239.8	5.219
240.799	4.453
241.799	4.34
242.799	4.67
243.799	4.15
244.8	1.278
245.8	2.015
246.8	4.225
247.799	3.067
248.8	1.924
249.799	2.523
250.799	2.25
251.8	4.188
252.799	4.735
253.799	4.234
254.8	5.023
255.799	5.272
256.8	5.446
257.799	3.701
258.799	3.088
259.8	5.272
260.8	4.923
261.799	3.35
262.8	3.373
263.799	2.816
264.799	3.048
265.8	4.455
266.799	4.771
267.8	4.201
268.799	3.44
269.8	3.89
270.799	2.245
271.8	4.169
272.799	5.453
273.799	4.454
274.799	4.497
275.799	2.976
276.8	2.509
277.799	3.296
278.8	2.746
279.799	3.861
280.799	3.86
281.8	2.864
282.799	3.182
283.799	3.256
284.8	4.508
285.799	4.243
286.799	4.701
287.799	4.212
288.799	4.53
289.8	4.068
290.799	6.493
291.799	4.608
292.799	3.348
293.799	2.898
294.799	3.718
295.8	3.735
296.8	3.02
297.8	2.814
298.799	2.538
299.799	2.574
300.799	2.895
301.799	5.261
302.8	5.431
303.8	4.233
304.8	3.656
305.799	2.244
306.8	3.936
307.799	4.17
308.8	1.809
309.799	2.598
310.799	2.888
311.799	2.988
312.8	2.955
313.799	2.698
314.799	2.875
315.799	2.735
316.799	2.201
317.799	2.256
318.799	2.513
319.8	1.399
320.799	2.835
321.799	3.103
322.799	3.13
323.8	2.941
324.8	3.471
325.799	3.236
326.8	3.388
327.8	3.274
328.799	2.835
329.799	3.848
330.799	3.85
331.799	3.377
332.8	3.129
333.799	3.07
334.8	2.912
335.799	3.271
336.799	3.092
337.799	3.023
338.799	3.233
339.799	2.725
340.8	3.111
341.799	3.299
342.799	3.345
343.799	3.507
344.799	1.867
345.799	2.525
346.799	1.845
347.799	1.897
348.799	1.705
349.8	1.662
350.799	2.004
351.799	2.154
352.799	2.305
353.799	2.566
354.799	3.411
355.799	3.733
356.8	3.701
357.8	4.01
358.799	4.135
359.8	3.294
360.8	2.95
361.799	2.891
362.799	3.089
363.8	2.998
364.799	2.657
365.8	2.957
366.8	2.83
367.799	3.285
368.799	3.144
369.799	2.952
370.799	3.536
371.8	3.642
372.8	3.534
373.8	3.106
374.799	2.452
375.799	3.01
376.799	2.99
377.799	3.043
378.8	2.888
379.799	2.649
380.799	1.983
381.799	1.969
382.799	2.873
383.799	2.844
384.799	3.13
385.8	2.886
386.799	2.038
387.799	1.288
388.799	2.416
389.8	2.119
390.8	2.373
391.799	1.745
392.8	1.884
393.799	2.029
394.8	1.25
395.8	0.903
396.799	3.449
397.799	4.128
398.799	3.591
399.8	3.173
400.799	6.356
401.8	3.746
402.8	4.097
403.799	4.095
404.799	3.38
405.8	4.418
406.799	1.887
407.799	2.521
408.8	3.492
409.8	3.091
410.8	2.582
411.799	3.021
412.8	3.181
413.799	2.989
414.8	2.746
415.799	3.292
416.799	3.402
417.8	3.258
418.799	4.276
419.799	4.006
420.799	4.176
421.799	3.162
422.799	2.835
423.8	2.994
424.799	2.862
425.8	3.02
426.799	3.108
427.8	3.091
428.799	3.106
429.799	2.885
430.799	3.167
431.799	3.404
432.8	3.468
433.799	3.64
434.8	2.419
435.799	2.961
436.799	3.187
437.8	3.024
438.799	2.826
439.8	3.271
440.8	4.763
441.799	4.413
442.799	4.882
443.8	5.335
444.799	4.866
445.8	3.467
446.799	7.374
447.799	7.346
448.799	7.084
449.799	5.476
450.799	2.472
451.799	6.28
452.799	7.248
453.799	7.424
454.799	6.785
455.8	1.097
456.799	2.847
457.8	6.617
458.799	7.748
459.799	5.593
460.8	2.701
461.799	5.537
462.801	1.958
463.816	1.402
464.799	1.812
465.799	4.774
466.799	4.728
467.799	3.147
468.799	2.576
469.8	1.669
470.799	2.039
471.799	2.077
472.799	2.135
473.8	2.145
474.799	2.106
475.799	2.565
476.8	3.003
477.8	3.752
478.799	3.544
479.799	3.585
480.799	3.187
481.799	3.381
482.799	3.372
483.8	3.434
484.8	3.562
485.799	2.488
486.799	2.557
487.799	2.6
488.8	2.859
489.799	2.591
490.799	2.721
491.8	2.881
492.8	2.47
493.799	2.54
494.799	2.795
495.799	2.746
496.799	2.891
497.799	2.892
498.799	2.978
499.8	2.293
500.8	2.899
501.799	3.075
502.8	3.337
503.8	3.474
504.799	2.959
505.801	2.855
506.799	3.677
507.799	3.125
508.799	3.156
509.8	3.335
510.8	2.963
511.8	3.04
512.799	2.738
513.799	2.985
514.799	3.166
