0.0	0.0
0.095	0.588
1.094	1.029
2.094	0.854
3.094	0.982
4.095	0.56
5.094	0.0
6.094	1.959
7.094	2.523
8.094	2.356
9.094	2.395
10.094	2.46
11.094	1.623
12.094	2.246
13.094	2.951
14.094	3.604
15.094	4.797
16.094	4.54
17.095	4.219
18.094	1.917
19.094	2.393
20.094	1.09
21.094	1.632
22.094	2.33
23.094	4.013
24.094	3.836
25.094	3.536
26.094	3.894
27.095	4.145
28.095	4.194
29.094	3.726
30.094	4.235
31.095	3.291
32.094	3.008
33.094	0.42
34.095	4.502
35.095	2.68
36.094	2.972
37.094	2.617
38.094	2.457
39.094	2.74
40.094	2.261
41.094	2.728
42.094	2.68
43.094	2.794
44.094	2.591
45.094	1.928
46.094	2.819
47.094	2.239
48.094	1.547
49.095	1.904
50.095	1.974
51.094	2.082
52.095	1.889
53.094	2.099
54.095	2.593
55.094	2.832
56.094	3.233
57.095	3.171
58.094	3.284
59.094	3.21
60.095	2.967
61.094	3.232
62.094	3.209
63.094	3.128
64.094	3.313
65.094	3.602
66.094	3.536
67.094	2.892
68.094	3.139
69.094	3.292
70.094	2.87
71.095	2.14
72.094	2.991
73.095	3.529
74.094	4.464
75.094	4.497
76.094	4.235
77.094	4.329
78.094	3.474
79.094	4.052
80.094	4.328
81.095	4.237
82.094	4.41
83.094	3.918
84.094	4.723
85.094	4.446
86.094	3.407
87.094	2.451
88.095	3.956
89.095	5.641
90.094	6.637
91.094	6.636
92.094	5.125
93.094	3.673
94.095	4.819
95.094	5.285
96.095	3.218
97.095	0.446
98.095	0.546
99.095	5.354
100.094	3.555
101.094	3.056
102.094	3.258
103.095	3.068
104.094	2.887
105.094	2.332
106.095	2.493
107.094	2.435
108.094	2.813
109.094	2.242
110.094	1.747
111.094	1.689
112.094	1.788
113.094	1.872
114.094	1.9
115.094	2.121
116.095	2.593
117.094	2.6
118.094	2.828
119.095	3.325
120.094	2.744
121.095	2.535
122.094	2.309
123.094	1.694
124.094	1.799
125.094	2.398
126.094	1.734
127.094	1.185
128.094	2.371
129.095	2.52
130.095	1.918
131.094	1.979
132.094	2.86
133.094	1.319
134.094	3.546
135.094	4.952
136.095	3.741
137.094	3.98
138.095	3.403
139.094	4.676
140.094	4.51
141.094	4.373
142.095	4.405
143.094	4.249
144.094	3.714
145.094	3.415
146.094	2.74
147.095	1.735
148.094	1.316
149.095	1.144
150.095	2.981
151.094	3.056
152.095	2.765
153.094	2.574
154.094	2.854
155.095	2.895
156.095	2.963
157.095	2.647
158.095	2.254
159.094	2.259
160.095	2.409
161.094	2.292
162.094	2.578
163.094	2.464
164.095	2.529
165.094	2.641
166.095	2.571
167.095	2.641
168.094	2.313
169.094	2.258
170.094	2.443
171.094	1.608
172.095	3.882
173.094	3.52
174.094	3.409
175.094	3.545
176.094	3.532
177.094	4.757
178.095	4.413
179.094	5.632
180.095	5.301
181.095	5.163
182.095	5.469
183.094	4.122
184.094	3.998
185.094	7.396
186.094	5.497
187.094	5.572
188.094	5.232
189.094	3.828
190.094	6.22
191.094	7.452
192.094	6.463
193.095	5.395
194.094	3.044
195.094	5.98
196.094	6.163
197.094	4.907
198.095	2.835
199.094	4.452
200.094	7.136
201.094	7.704
202.094	7.354
203.094	5.098
204.094	4.104
205.094	5.236
206.094	7.322
207.094	4.114
208.095	4.38
209.094	3.405
210.095	5.493
211.094	5.813
212.095	5.36
213.094	4.882
214.094	3.167
215.094	2.19
216.094	0.384
217.094	4.481
218.094	1.666
219.095	5.206
220.094	3.464
221.094	3.66
222.094	3.267
223.094	3.377
224.094	3.964
225.094	3.172
226.095	2.136
227.094	3.902
228.094	4.156
229.094	4.27
230.095	4.603
231.094	3.654
232.094	3.51
233.094	2.67
234.094	2.296
235.094	2.885
236.095	7.71
237.094	6.182
238.095	5.587
239.094	3.424
240.094	5.092
241.094	3.26
242.094	7.492
243.095	6.971
244.094	3.12
245.094	6.184
246.094	7.312
247.094	7.712
248.095	7.388
249.095	3.044
250.095	4.96
251.095	8.044
252.094	7.696
253.094	6.892
254.094	3.386
255.094	5.336
256.094	7.712
257.094	7.594
258.094	5.581
259.095	3.427
260.094	3.51
261.095	7.506
262.095	7.788
263.094	5.959
264.094	3.121
265.095	4.803
266.094	7.93
267.095	5.582
268.094	4.87
269.094	3.758
270.094	4.72
271.094	7.792
272.094	7.749
273.094	6.237
274.094	3.89
275.095	4.01
276.094	7.524
277.094	7.508
278.095	7.463
279.094	3.42
280.094	3.166
281.094	6.569
282.094	4.664
283.094	4.89
284.094	3.617
285.094	3.656
286.094	1.158
287.095	4.733
288.094	2.224
289.094	3.229
290.094	4.496
291.094	4.565
292.094	4.625
293.095	4.873
294.094	4.104
295.095	5.234
296.094	6.235
297.094	5.755
298.094	5.759
299.094	5.209
300.094	3.456
301.094	6.724
302.094	6.868
303.094	5.252
304.095	5.264
305.094	3.396
306.094	6.589
307.094	4.698
308.094	5.217
309.094	4.407
310.094	4.0
311.094	7.267
312.095	5.538
313.094	5.201
314.094	5.34
315.094	2.664
316.094	8.076
317.094	7.704
318.094	6.545
319.095	4.552
320.094	1.444
321.094	3.168
322.094	6.854
323.094	7.946
324.094	5.848
325.095	2.999
326.094	6.924
327.094	4.912
328.094	4.748
329.094	4.908
330.095	3.764
331.095	6.959
332.094	6.17
333.094	5.815
334.095	5.543
335.095	3.513
336.094	6.228
337.095	7.672
338.094	7.546
339.094	6.172
340.094	3.42
341.094	5.348
342.094	7.642
343.094	6.856
344.094	3.558
345.094	3.301
346.095	7.191
347.094	7.089
348.095	5.261
349.095	4.631
350.094	3.318
351.094	5.928
352.094	6.943
353.094	4.628
354.095	5.159
355.094	3.312
356.094	5.532
357.095	6.264
358.094	7.302
359.094	4.389
360.094	3.346
361.094	6.554
362.094	6.205
363.095	4.737
364.094	5.013
365.094	3.336
366.094	6.408
367.094	7.166
368.094	5.733
369.094	5.284
370.095	3.347
371.094	6.14
372.094	7.056
373.094	6.24
374.095	6.472
375.094	3.9
376.094	5.808
377.094	7.348
378.094	6.456
379.094	5.583
380.094	3.36
381.094	5.502
382.094	7.616
383.095	7.012
384.094	5.244
385.094	3.584
386.094	0.724
387.094	5.203
388.095	7.738
389.094	5.142
390.094	2.807
391.094	2.908
392.094	0.442
393.094	3.794
394.095	0.0
395.094	0.771
396.094	2.945
397.094	2.545
398.094	2.872
399.094	3.044
400.094	2.985
401.095	2.943
402.094	2.735
403.094	2.508
404.094	2.624
405.094	3.152
406.095	4.111
407.094	4.742
408.095	4.258
409.095	4.739
410.095	4.646
411.094	4.18
412.094	7.284
413.094	7.268
414.094	6.953
415.095	5.413
416.094	3.1
417.094	5.866
418.095	5.798
419.094	6.207
420.094	4.536
421.094	2.824
422.094	7.18
423.094	7.344
424.094	7.156
425.094	6.36
426.094	3.596
427.094	5.265
428.095	7.93
429.094	7.458
430.094	6.099
431.094	2.886
432.094	4.988
433.094	6.884
434.094	7.494
435.095	8.016
436.094	3.872
437.094	4.054
438.094	7.556
439.095	7.473
440.094	7.468
441.094	4.475
442.095	3.904
443.094	7.612
444.094	7.412
445.094	7.904
446.094	4.627
447.095	4.356
448.094	6.649
449.095	7.416
450.095	7.392
451.095	4.589
452.094	3.964
453.094	7.372
454.094	7.768
455.095	7.87
456.094	5.88
457.095	3.367
458.094	6.356
459.094	7.576
460.094	7.447
461.095	3.682
462.095	3.484
463.095	6.409
464.094	3.992
465.094	3.667
466.095	3.15
467.095	2.087
468.094	2.825
469.094	4.639
470.094	2.962
471.094	2.011
472.095	0.925
473.094	4.979
474.095	2.295
475.094	2.194
476.094	2.045
477.094	1.523
478.095	1.42
479.094	1.323
480.094	3.319
481.094	2.187
